0 info it worked if it ends with ok
1 verbose cli [ 'node',
1 verbose cli   'c:\\Users\\yusui.ljx\\AppData\\Roaming\\npm\\node_modules\\tnpm\\node_modules\\ali-npm\\bin\\npm-cli.js',
1 verbose cli   '--no-proxy',
1 verbose cli   '--disturl=http://npm.taobao.org/mirrors/node',
1 verbose cli   '--userconfig=C:\\Users\\yusui.ljx\\.tnpmrc',
1 verbose cli   '--registry=http://registry.npm.alibaba-inc.com',
1 verbose cli   '--node-gyp=c:\\Users\\yusui.ljx\\AppData\\Roaming\\npm\\node_modules\\tnpm\\node_modules\\pangyp\\bin\\node-gyp.js',
1 verbose cli   '--cache=C:\\Users\\yusui.ljx\\AppData\\Roaming\\tnpm-cache',
1 verbose cli   'install',
1 verbose cli   'gitblook',
1 verbose cli   '-g' ]
2 info using npm@2.2.0
3 info using node@v0.12.5
4 verbose install initial load of C:\Users\yusui.ljx\AppData\Roaming\npm\package.json
5 verbose readDependencies loading dependencies from C:\Users\yusui.ljx\AppData\Roaming\npm\package.json
6 silly cache add args [ 'gitblook', null ]
7 verbose cache add spec gitblook
8 silly cache add parsed spec { raw: 'gitblook',
8 silly cache add   scope: null,
8 silly cache add   name: 'gitblook',
8 silly cache add   rawSpec: '',
8 silly cache add   spec: '*',
8 silly cache add   type: 'range' }
9 silly addNamed gitblook@*
10 verbose addNamed "*" is a valid semver range for gitblook
11 silly addNameRange { name: 'gitblook', range: '*', hasData: false }
12 silly mapToRegistry name gitblook
13 silly mapToRegistry using default registry
14 silly mapToRegistry registry http://registry.npm.alibaba-inc.com/
15 silly mapToRegistry uri http://registry.npm.alibaba-inc.com/gitblook
16 verbose addNameRange registry:http://registry.npm.alibaba-inc.com/gitblook not in flight; fetching
17 verbose request uri http://registry.npm.alibaba-inc.com/gitblook
18 verbose request no auth needed
19 info attempt registry request try #1 at 14:49:20
20 verbose request id b4c1357344b661e8
21 http request GET http://registry.npm.alibaba-inc.com/gitblook
22 http 404 http://registry.npm.alibaba-inc.com/gitblook
23 verbose headers { server: 'Tengine',
23 verbose headers   date: 'Mon, 06 Jul 2015 06:49:20 GMT',
23 verbose headers   'content-type': 'application/json; charset=utf-8',
23 verbose headers   'transfer-encoding': 'chunked',
23 verbose headers   connection: 'keep-alive',
23 verbose headers   'x-readtime': '17',
23 verbose headers   'content-encoding': 'gzip' }
24 silly get cb [ 404,
24 silly get   { server: 'Tengine',
24 silly get     date: 'Mon, 06 Jul 2015 06:49:20 GMT',
24 silly get     'content-type': 'application/json; charset=utf-8',
24 silly get     'transfer-encoding': 'chunked',
24 silly get     connection: 'keep-alive',
24 silly get     'x-readtime': '17',
24 silly get     'content-encoding': 'gzip' } ]
25 verbose stack Error: 404 Not Found: gitblook
25 verbose stack     at CachingRegistryClient.<anonymous> (c:\Users\yusui.ljx\AppData\Roaming\npm\node_modules\tnpm\node_modules\ali-npm\node_modules\npm-registry-client\lib\request.js:245:14)
25 verbose stack     at c:\Users\yusui.ljx\AppData\Roaming\npm\node_modules\tnpm\node_modules\ali-npm\node_modules\npm-registry-client\lib\request.js:176:7
25 verbose stack     at Gunzip.onEnd (zlib.js:227:5)
25 verbose stack     at Gunzip.emit (events.js:129:20)
25 verbose stack     at _stream_readable.js:908:16
25 verbose stack     at process._tickCallback (node.js:355:11)
26 verbose statusCode 404
27 verbose pkgid gitblook
28 verbose cwd d:\pro\dailyLearn
29 error Windows_NT 6.1.7601
30 error argv "node" "c:\\Users\\yusui.ljx\\AppData\\Roaming\\npm\\node_modules\\tnpm\\node_modules\\ali-npm\\bin\\npm-cli.js" "--no-proxy" "--disturl=http://npm.taobao.org/mirrors/node" "--userconfig=C:\\Users\\yusui.ljx\\.tnpmrc" "--registry=http://registry.npm.alibaba-inc.com" "--node-gyp=c:\\Users\\yusui.ljx\\AppData\\Roaming\\npm\\node_modules\\tnpm\\node_modules\\pangyp\\bin\\node-gyp.js" "--cache=C:\\Users\\yusui.ljx\\AppData\\Roaming\\tnpm-cache" "install" "gitblook" "-g"
31 error node v0.12.5
32 error npm  v2.2.0
33 error code E404
34 error 404 Not Found: gitblook
34 error 404
34 error 404 'gitblook' is not in the npm registry.
34 error 404 You should bug the author to publish it (or use the name yourself!)
34 error 404
34 error 404 Note that you can also install from a
34 error 404 tarball, folder, http url, or git url.
35 verbose exit [ 1, true ]
